2022-07-03 17:17:46,367 INFO o.a.j.u.JMeterUtils: Setting Locale to en_EN
2022-07-03 17:17:46,380 INFO o.a.j.JMeter: Loading user properties from: /opt/homebrew/Cellar/jmeter/5.5/libexec/bin/user.properties
2022-07-03 17:17:46,381 INFO o.a.j.JMeter: Loading system properties from: /opt/homebrew/Cellar/jmeter/5.5/libexec/bin/system.properties
2022-07-03 17:17:46,384 INFO o.a.j.JMeter: Copyright (c) 1998-2022 The Apache Software Foundation
2022-07-03 17:17:46,384 INFO o.a.j.JMeter: Version 5.5
2022-07-03 17:17:46,384 INFO o.a.j.JMeter: java.version=18.0.1.1
2022-07-03 17:17:46,384 INFO o.a.j.JMeter: java.vm.name=OpenJDK 64-Bit Server VM
2022-07-03 17:17:46,384 INFO o.a.j.JMeter: os.name=Mac OS X
2022-07-03 17:17:46,384 INFO o.a.j.JMeter: os.arch=aarch64
2022-07-03 17:17:46,384 INFO o.a.j.JMeter: os.version=12.4
2022-07-03 17:17:46,384 INFO o.a.j.JMeter: file.encoding=UTF-8
2022-07-03 17:17:46,384 INFO o.a.j.JMeter: java.awt.headless=null
2022-07-03 17:17:46,384 INFO o.a.j.JMeter: Max memory     =1073741824
2022-07-03 17:17:46,384 INFO o.a.j.JMeter: Available Processors =10
2022-07-03 17:17:46,388 INFO o.a.j.JMeter: Default Locale=English (EN)
2022-07-03 17:17:46,389 INFO o.a.j.JMeter: JMeter  Locale=English (EN)
2022-07-03 17:17:46,389 INFO o.a.j.JMeter: JMeterHome=/opt/homebrew/Cellar/jmeter/5.5/libexec
2022-07-03 17:17:46,389 INFO o.a.j.JMeter: user.dir  =/Users/quirozcarlos/Documents/UNET/restapi-node-postgres
2022-07-03 17:17:46,389 INFO o.a.j.JMeter: PWD       =/Users/quirozcarlos/Documents/UNET/restapi-node-postgres
2022-07-03 17:17:46,390 INFO o.a.j.JMeter: IP: 127.0.0.1 Name: Quirozs-MacBook-Pro.local FullName: localhost
2022-07-03 17:17:46,393 INFO o.a.j.JMeter: Loaded icon properties from org/apache/jmeter/images/icon.properties
2022-07-03 17:17:46,606 INFO o.a.j.JMeterGuiLauncher: Setting LAF to: com.github.weisj.darklaf.DarkLaf:com.github.weisj.darklaf.theme.DarculaTheme
2022-07-03 17:17:47,823 INFO o.j.r.JARSourceHTTP: Found cached repo
2022-07-03 17:17:47,893 INFO o.j.r.PluginManager: Plugins Status: [jpgc-plugins-manager=1.7, jpgc-tst=2.5, jmeter-core=5.5, jmeter-ftp=5.5, jmeter-http=5.5, jmeter-jdbc=5.5, jmeter-jms=5.5, jmeter-junit=5.5, jmeter-java=5.5, jmeter-ldap=5.5, jmeter-mail=5.5, jmeter-mongodb=5.5, jmeter-native=5.5, jmeter-tcp=5.5, jmeter-components=5.5]
2022-07-03 17:18:05,277 INFO o.a.j.s.FileServer: Default base='/Users/quirozcarlos/Documents/UNET/restapi-node-postgres'
2022-07-03 17:18:05,279 INFO o.a.j.g.a.Load: Loading file: /Users/quirozcarlos/Documents/UNET/restapi-node-postgres/jmeter-tasks.jmx
2022-07-03 17:18:05,279 INFO o.a.j.s.FileServer: Set new base='/Users/quirozcarlos/Documents/UNET/restapi-node-postgres'
2022-07-03 17:18:05,355 INFO o.a.j.s.SaveService: Testplan (JMX) version: 2.2. Testlog (JTL) version: 2.2
2022-07-03 17:18:05,359 INFO o.a.j.s.SaveService: Using SaveService properties version 5.0
2022-07-03 17:18:05,359 INFO o.a.j.s.SaveService: Using SaveService properties file encoding UTF-8
2022-07-03 17:18:05,360 INFO o.a.j.s.SaveService: Loading file: /Users/quirozcarlos/Documents/UNET/restapi-node-postgres/jmeter-tasks.jmx
2022-07-03 17:18:05,417 INFO o.a.j.p.h.s.HTTPSamplerBase: Parser for text/html is org.apache.jmeter.protocol.http.parser.LagartoBasedHtmlParser
2022-07-03 17:18:05,417 INFO o.a.j.p.h.s.HTTPSamplerBase: Parser for application/xhtml+xml is org.apache.jmeter.protocol.http.parser.LagartoBasedHtmlParser
2022-07-03 17:18:05,417 INFO o.a.j.p.h.s.HTTPSamplerBase: Parser for application/xml is org.apache.jmeter.protocol.http.parser.LagartoBasedHtmlParser
2022-07-03 17:18:05,418 INFO o.a.j.p.h.s.HTTPSamplerBase: Parser for text/xml is org.apache.jmeter.protocol.http.parser.LagartoBasedHtmlParser
2022-07-03 17:18:05,418 INFO o.a.j.p.h.s.HTTPSamplerBase: Parser for text/vnd.wap.wml is org.apache.jmeter.protocol.http.parser.RegexpHTMLParser
2022-07-03 17:18:05,418 INFO o.a.j.p.h.s.HTTPSamplerBase: Parser for text/css is org.apache.jmeter.protocol.http.parser.CssParser
2022-07-03 17:18:05,531 INFO o.a.j.s.SampleResult: Note: Sample TimeStamps are START times
2022-07-03 17:18:05,532 INFO o.a.j.s.SampleResult: sampleresult.default.encoding is set to ISO-8859-1
2022-07-03 17:18:05,532 INFO o.a.j.s.SampleResult: sampleresult.useNanoTime=true
2022-07-03 17:18:05,532 INFO o.a.j.s.SampleResult: sampleresult.nanoThreadSleep=5000
2022-07-03 17:18:05,606 INFO o.a.j.v.ViewResultsFullVisualizer: Add JavaFX to your Java installation if you want to use renderer: org.apache.jmeter.visualizers.RenderInBrowser
2022-07-03 17:18:05,663 INFO o.a.j.s.FileServer: Set new base='/Users/quirozcarlos/Documents/UNET/restapi-node-postgres'
2022-07-03 17:18:33,372 INFO o.a.j.e.StandardJMeterEngine: Running the test!
2022-07-03 17:18:33,373 INFO o.a.j.s.SampleEvent: List of sample_variables: []
2022-07-03 17:18:33,373 INFO o.a.j.s.SampleEvent: List of sample_variables: []
2022-07-03 17:18:33,373 INFO o.a.j.e.u.CompoundVariable: Note: Function class names must contain the string: '.functions.'
2022-07-03 17:18:33,373 INFO o.a.j.e.u.CompoundVariable: Note: Function class names must not contain the string: '.gui.'
2022-07-03 17:18:33,393 INFO o.a.j.g.u.JMeterMenuBar: setRunning(true, *local*)
2022-07-03 17:18:33,418 INFO o.a.j.e.StandardJMeterEngine: Starting ThreadGroup: 1 : Queries
2022-07-03 17:18:33,418 INFO o.a.j.e.StandardJMeterEngine: Starting 1 threads for group Queries.
2022-07-03 17:18:33,418 INFO o.a.j.e.StandardJMeterEngine: Thread will continue on error
2022-07-03 17:18:33,418 INFO o.a.j.t.ThreadGroup: Starting thread group... number=1 threads=1 ramp-up=1 delayedStart=false
2022-07-03 17:18:33,420 INFO o.a.j.t.ThreadGroup: Started thread group number 1
2022-07-03 17:18:33,420 INFO o.a.j.e.StandardJMeterEngine: All thread groups have been started
2022-07-03 17:18:33,420 INFO o.a.j.t.JMeterThread: Thread started: Queries 1-1
2022-07-03 17:18:33,423 INFO o.a.j.p.h.s.HTTPHCAbstractImpl: Local host = Quirozs-MacBook-Pro.local
2022-07-03 17:18:33,426 INFO o.a.j.p.h.s.HTTPHC4Impl: HTTP request retry count = 0
2022-07-03 17:18:34,156 INFO o.a.j.t.JMeterThread: Thread is done: Queries 1-1
2022-07-03 17:18:34,156 INFO o.a.j.t.JMeterThread: Thread finished: Queries 1-1
2022-07-03 17:18:34,157 INFO o.a.j.e.StandardJMeterEngine: Notifying test listeners of end of test
2022-07-03 17:18:34,157 INFO o.a.j.g.u.JMeterMenuBar: setRunning(false, *local*)
2022-07-03 17:19:26,961 INFO o.a.j.e.StandardJMeterEngine: Running the test!
2022-07-03 17:19:26,962 INFO o.a.j.s.SampleEvent: List of sample_variables: []
2022-07-03 17:19:26,963 INFO o.a.j.g.u.JMeterMenuBar: setRunning(true, *local*)
2022-07-03 17:19:26,990 INFO o.a.j.e.StandardJMeterEngine: Starting ThreadGroup: 1 : Queries
2022-07-03 17:19:26,990 INFO o.a.j.e.StandardJMeterEngine: Starting 1 threads for group Queries.
2022-07-03 17:19:26,990 INFO o.a.j.e.StandardJMeterEngine: Thread will continue on error
2022-07-03 17:19:26,990 INFO o.a.j.t.ThreadGroup: Starting thread group... number=1 threads=1 ramp-up=1 delayedStart=false
2022-07-03 17:19:26,990 INFO o.a.j.t.ThreadGroup: Started thread group number 1
2022-07-03 17:19:26,990 INFO o.a.j.e.StandardJMeterEngine: All thread groups have been started
2022-07-03 17:19:26,991 INFO o.a.j.t.JMeterThread: Thread started: Queries 1-1
2022-07-03 17:19:27,712 INFO o.a.j.t.JMeterThread: Thread is done: Queries 1-1
2022-07-03 17:19:27,712 INFO o.a.j.t.JMeterThread: Thread finished: Queries 1-1
2022-07-03 17:19:27,713 INFO o.a.j.e.StandardJMeterEngine: Notifying test listeners of end of test
2022-07-03 17:19:27,713 INFO o.a.j.g.u.JMeterMenuBar: setRunning(false, *local*)
